<?xml version="1.0" encoding="UTF-8"?>
<!-- Generated by org.testng.reporters.JUnitReportReporter -->
<testsuite skipped="0" hostname="Ahameds-MacBook-Pro.local" name="testcases.UseExistingSession" tests="1" failures="0" timestamp="18 Jan 2019 09:36:45 GMT" time="2.271" errors="0">
  <testcase name="fillForm" time="2.271" classname="testcases.UseExistingSession"/>
</testsuite> <!-- testcases.UseExistingSession -->
